<?xml version="1.0" encoding="UTF-8"?>
<testsuite name="com.siliconvalley.simulator.decorator.DecoratorTest" tests="1" skipped="0" failures="0" errors="0" timestamp="2024-11-18T03:35:01" hostname="Zeynebs-MBP.lan" time="0.001">
  <properties/>
  <testcase name="testTypeAdvantageDecorator()" classname="com.siliconvalley.simulator.decorator.DecoratorTest" time="0.001"/>
  <system-out><![CDATA[]]></system-out>
  <system-err><![CDATA[]]></system-err>
</testsuite>
